tryApp2ForBoss/build/outputs/logs/manifest-merger-debug-report.txt
-- Merging decision tree log ---
manifest
ADDED from src\main\AndroidManifest.xml:1:1-258:12
INJECTED from src\main\AndroidManifest.xml:1:1-258:12
INJECTED from src\main\AndroidManifest.xml:1:1-258:12
INJECTED from src\main\AndroidManifest.xml:1:1-258:12
MERGED from [:androidExtendLib2] AndroidManifest.xml:2:1-14:12
MERGED from [:jPushSDK300] AndroidManifest.xml:2:1-14:12
INJECTED from src\main\AndroidManifest.xml:1:1-258:12
INJECTED from src\main\AndroidManifest.xml:1:1-258:12
INJECTED from src\main\AndroidManifest.xml:1:1-258:12
	package
		ADDED from src\main\AndroidManifest.xml:2:5-42
		INJECTED from src\main\AndroidManifest.xml
		INJECTED from src\main\AndroidManifest.xml
	android:versionName
		ADDED from src\main\AndroidManifest.xml:4:5-32
		INJECTED from src\main\AndroidManifest.xml
		INJECTED from src\main\AndroidManifest.xml
	xmlns:android
		ADDED from src\main\AndroidManifest.xml:1:11-69
	android:versionCode
		ADDED from src\main\AndroidManifest.xml:3:5-30
		INJECTED from src\main\AndroidManifest.xml
		INJECTED from src\main\AndroidManifest.xml
supports-screens
ADDED from src\main\AndroidManifest.xml:7:5-12:40
	android:largeScreens
		ADDED from src\main\AndroidManifest.xml:9:9-36
	android:smallScreens
		ADDED from src\main\AndroidManifest.xml:11:9-36
	android:normalScreens
		ADDED from src\main\AndroidManifest.xml:10:9-37
	android:xlargeScreens
		ADDED from src\main\AndroidManifest.xml:12:9-37
	android:anyDensity
		ADDED from src\main\AndroidManifest.xml:8:9-34
uses-permission#android.permission.INTERNET
ADDED from src\main\AndroidManifest.xml:14:5-67
	android:name
		ADDED from src\main\AndroidManifest.xml:14:22-64
uses-permission#android.permission.CAMERA
ADDED from src\main\AndroidManifest.xml:15:5-65
	android:name
		ADDED from src\main\AndroidManifest.xml:15:22-62
uses-permission#android.permission.CALL_PHONE
ADDED from src\main\AndroidManifest.xml:16:5-69
	android:name
		ADDED from src\main\AndroidManifest.xml:16:22-66
uses-permission#android.permission.FLASHLIGHT
ADDED from src\main\AndroidManifest.xml:17:5-69
	android:name
		ADDED from src\main\AndroidManifest.xml:17:22-66
uses-permission#android.permission.ACCESS_NETWORK_STATE
ADDED from src\main\AndroidManifest.xml:18:5-79
	android:name
		ADDED from src\main\AndroidManifest.xml:18:22-76
uses-permission#android.permission.CHANGE_NETWORK_STATE
ADDED from src\main\AndroidManifest.xml:19:5-79
	android:name
		ADDED from src\main\AndroidManifest.xml:19:22-76
uses-permission#android.permission.WRITE_EXTERNAL_STORAGE
ADDED from src\main\AndroidManifest.xml:21:5-81
	android:name
		ADDED from src\main\AndroidManifest.xml:21:22-78
uses-permission#android.permission.READ_EXTERNAL_STORAGE
ADDED from src\main\AndroidManifest.xml:22:5-80
	android:name
		ADDED from src\main\AndroidManifest.xml:22:22-77
uses-permission#android.permission.SYSTEM_ALERT_WINDOW
ADDED from src\main\AndroidManifest.xml:23:5-78
	android:name
		ADDED from src\main\AndroidManifest.xml:23:22-75
uses-permission#android.permission.WAKE_LOCK
ADDED from src\main\AndroidManifest.xml:24:5-68
	android:name
		ADDED from src\main\AndroidManifest.xml:24:22-65
uses-permission#android.permission.ACCESS_WIFI_STATE
ADDED from src\main\AndroidManifest.xml:26:5-76
	android:name
		ADDED from src\main\AndroidManifest.xml:26:22-73
uses-permission#android.permission.CHANGE_WIFI_STATE
ADDED from src\main\AndroidManifest.xml:27:5-76
	android:name
		ADDED from src\main\AndroidManifest.xml:27:22-73
uses-permission#android.permission.READ_PHONE_STATE
ADDED from src\main\AndroidManifest.xml:28:5-75
	android:name
		ADDED from src\main\AndroidManifest.xml:28:22-72
uses-permission#android.permission.MANAGE_ACCOUNTS
ADDED from src\main\AndroidManifest.xml:29:5-74
	android:name
		ADDED from src\main\AndroidManifest.xml:29:22-71
uses-permission#android.permission.GET_ACCOUNTS
ADDED from src\main\AndroidManifest.xml:30:5-71
	android:name
		ADDED from src\main\AndroidManifest.xml:30:22-68
uses-permission#android.permission.VIBRATE
ADDED from src\main\AndroidManifest.xml:31:5-66
	android:name
		ADDED from src\main\AndroidManifest.xml:31:22-63
uses-permission#android.permission.RECEIVE_USER_PRESENT
ADDED from src\main\AndroidManifest.xml:32:5-79
	android:name
		ADDED from src\main\AndroidManifest.xml:32:22-76
uses-permission#android.permission.ACCESS_COARSE_LOCATION
ADDED from src\main\AndroidManifest.xml:34:5-81
	android:name
		ADDED from src\main\AndroidManifest.xml:34:22-78
uses-permission#android.permission.ACCESS_FINE_LOCATION
ADDED from src\main\AndroidManifest.xml:35:5-79
	android:name
		ADDED from src\main\AndroidManifest.xml:35:22-76
uses-permission#android.permission.ACCESS_LOCATION_EXTRA_COMMANDS
ADDED from src\main\AndroidManifest.xml:36:5-89
	android:name
		ADDED from src\main\AndroidManifest.xml:36:22-86
uses-permission#com.shiyou.tryapp2.boss.zsa.permission.JPUSH_MESSAGE
ADDED from src\main\AndroidManifest.xml:39:5-92
	android:name
		ADDED from src\main\AndroidManifest.xml:39:22-89
permission#com.shiyou.tryapp2.boss.zsa.permission.JPUSH_MESSAGE
ADDED from src\main\AndroidManifest.xml:41:5-43:47
	android:protectionLevel
		ADDED from src\main\AndroidManifest.xml:43:9-44
	android:name
		ADDED from src\main\AndroidManifest.xml:42:9-76
uses-feature#android.hardware.camera
ADDED from src\main\AndroidManifest.xml:45:5-47:36
	android:required
		ADDED from src\main\AndroidManifest.xml:47:9-33
	android:name
		ADDED from src\main\AndroidManifest.xml:46:9-47
uses-feature#android.hardware.camera.autofocus
ADDED from src\main\AndroidManifest.xml:48:5-50:36
	android:required
		ADDED from src\main\AndroidManifest.xml:50:9-33
	android:name
		ADDED from src\main\AndroidManifest.xml:49:9-57
uses-feature#0x00020000
ADDED from src\main\AndroidManifest.xml:51:5-54
	android:glEsVersion
		ADDED from src\main\AndroidManifest.xml:51:19-51
uses-feature#android.hardware.touchscreen
ADDED from src\main\AndroidManifest.xml:52:5-65
	android:name
		ADDED from src\main\AndroidManifest.xml:52:19-62
uses-feature#android.hardware.touchscreen.multitouch
ADDED from src\main\AndroidManifest.xml:53:5-55:36
	android:required
		ADDED from src\main\AndroidManifest.xml:55:9-33
	android:name
		ADDED from src\main\AndroidManifest.xml:54:9-63
uses-feature#android.hardware.touchscreen.multitouch.distinct
ADDED from src\main\AndroidManifest.xml:56:5-58:36
	android:required
		ADDED from src\main\AndroidManifest.xml:58:9-33
	android:name
		ADDED from src\main\AndroidManifest.xml:57:9-72
application
ADDED from src\main\AndroidManifest.xml:60:5-256:19
MERGED from [:androidExtendLib2] AndroidManifest.xml:11:5-12:19
MERGED from [:androidExtendLib2] AndroidManifest.xml:11:5-12:19
MERGED from [:jPushSDK300] AndroidManifest.xml:11:5-12:19
MERGED from [:jPushSDK300] AndroidManifest.xml:11:5-12:19
	android:label
		ADDED from src\main\AndroidManifest.xml:63:9-41
	android:icon
		ADDED from src\main\AndroidManifest.xml:62:9-45
	android:allowBackup
		ADDED from src\main\AndroidManifest.xml:61:9-35
	android:theme
		ADDED from src\main\AndroidManifest.xml:64:9-40
activity#com.shiyou.tryapp2.app.MainActivity
ADDED from src\main\AndroidManifest.xml:65:9-83:20
	android:screenOrientation
		ADDED from src\main\AndroidManifest.xml:69:13-49
	android:launchMode
		ADDED from src\main\AndroidManifest.xml:68:13-42
	android:windowSoftInputMode
		ADDED from src\main\AndroidManifest.xml:70:13-52
	android:configChanges
		ADDED from src\main\AndroidManifest.xml:67:13-63
	android:name
		ADDED from src\main\AndroidManifest.xml:66:13-63
intent-filter#action:name:android.intent.action.MAIN+category:name:android.intent.category.LAUNCHER
ADDED from src\main\AndroidManifest.xml:71:13-75:29
action#android.intent.action.MAIN
ADDED from src\main\AndroidManifest.xml:72:17-69
	android:name
		ADDED from src\main\AndroidManifest.xml:72:25-66
category#android.intent.category.LAUNCHER
ADDED from src\main\AndroidManifest.xml:74:17-77
	android:name
		ADDED from src\main\AndroidManifest.xml:74:27-74
meta-data#unityplayer.UnityActivity
ADDED from src\main\AndroidManifest.xml:77:13-79:40
	android:value
		ADDED from src\main\AndroidManifest.xml:79:17-37
	android:name
		ADDED from src\main\AndroidManifest.xml:78:17-57
meta-data#unityplayer.ForwardNativeEventsToDalvik
ADDED from src\main\AndroidManifest.xml:80:13-82:41
	android:value
		ADDED from src\main\AndroidManifest.xml:82:17-38
	android:name
		ADDED from src\main\AndroidManifest.xml:81:17-71
activity#com.shiyou.tryapp2.app.ReceiveEventActivity
ADDED from src\main\AndroidManifest.xml:84:9-100:20
	android:screenOrientation
		ADDED from src\main\AndroidManifest.xml:88:13-49
	android:launchMode
		ADDED from src\main\AndroidManifest.xml:87:13-42
	android:configChanges
		ADDED from src\main\AndroidManifest.xml:86:13-63
	android:theme
		ADDED from src\main\AndroidManifest.xml:89:13-52
	android:name
		ADDED from src\main\AndroidManifest.xml:85:13-71
intent-filter#action:name:android.intent.action.VIEW+category:name:android.intent.category.BROWSABLE+category:name:android.intent.category.DEFAULT+data:host:com.shiyou.fitsapp+data:scheme:fitsapp
ADDED from src\main\AndroidManifest.xml:90:13-99:29
action#android.intent.action.VIEW
ADDED from src\main\AndroidManifest.xml:91:17-69
	android:name
		ADDED from src\main\AndroidManifest.xml:91:25-66
category#android.intent.category.DEFAULT
ADDED from src\main\AndroidManifest.xml:93:17-76
	android:name
		ADDED from src\main\AndroidManifest.xml:93:27-73
category#android.intent.category.BROWSABLE
ADDED from src\main\AndroidManifest.xml:94:17-78
	android:name
		ADDED from src\main\AndroidManifest.xml:94:27-75
data
ADDED from src\main\AndroidManifest.xml:96:17-98:48
	android:host
		ADDED from src\main\AndroidManifest.xml:97:21-54
	android:scheme
		ADDED from src\main\AndroidManifest.xml:98:21-45
activity#com.shiyou.tryapp2.app.FragmentActivity
ADDED from src\main\AndroidManifest.xml:101:9-107:20
	android:screenOrientation
		ADDED from src\main\AndroidManifest.xml:105:13-49
	android:launchMode
		ADDED from src\main\AndroidManifest.xml:104:13-42
	android:windowSoftInputMode
		ADDED from src\main\AndroidManifest.xml:106:13-52
	android:configChanges
		ADDED from src\main\AndroidManifest.xml:103:13-63
	android:name
		ADDED from src\main\AndroidManifest.xml:102:13-67
activity#com.shiyou.tryapp2.app.WebViewActivity
ADDED from src\main\AndroidManifest.xml:108:9-114:20
	android:screenOrientation
		ADDED from src\main\AndroidManifest.xml:112:13-49
	android:launchMode
		ADDED from src\main\AndroidManifest.xml:111:13-42
	android:windowSoftInputMode
		ADDED from src\main\AndroidManifest.xml:113:13-52
	android:configChanges
		ADDED from src\main\AndroidManifest.xml:110:13-63
	android:name
		ADDED from src\main\AndroidManifest.xml:109:13-66
activity#com.shiyou.tryapp2.app.camera.CameraActivity
ADDED from src\main\AndroidManifest.xml:115:9-121:20
	android:screenOrientation
		ADDED from src\main\AndroidManifest.xml:119:13-49
	android:launchMode
		ADDED from src\main\AndroidManifest.xml:118:13-42
	android:windowSoftInputMode
		ADDED from src\main\AndroidManifest.xml:120:13-52
	android:configChanges
		ADDED from src\main\AndroidManifest.xml:117:13-63
	android:name
		ADDED from src\main\AndroidManifest.xml:116:13-72
activity#com.shiyou.tryapp2.app.photo.PhotoAlbumActivity
ADDED from src\main\AndroidManifest.xml:122:9-128:20
	android:screenOrientation
		ADDED from src\main\AndroidManifest.xml:126:13-49
	android:launchMode
		ADDED from src\main\AndroidManifest.xml:125:13-42
	android:windowSoftInputMode
		ADDED from src\main\AndroidManifest.xml:127:13-52
	android:configChanges
		ADDED from src\main\AndroidManifest.xml:124:13-63
	android:name
		ADDED from src\main\AndroidManifest.xml:123:13-75
activity#com.shiyou.tryapp2.app.photo.PhotoListActivity
ADDED from src\main\AndroidManifest.xml:129:9-135:20
	android:screenOrientation
		ADDED from src\main\AndroidManifest.xml:133:13-49
	android:launchMode
		ADDED from src\main\AndroidManifest.xml:132:13-42
	android:windowSoftInputMode
		ADDED from src\main\AndroidManifest.xml:134:13-52
	android:configChanges
		ADDED from src\main\AndroidManifest.xml:131:13-63
	android:name
		ADDED from src\main\AndroidManifest.xml:130:13-74
activity#com.shiyou.tryapp2.app.login.LoginActivity
ADDED from src\main\AndroidManifest.xml:136:9-142:20
	android:screenOrientation
		ADDED from src\main\AndroidManifest.xml:140:13-49
	android:launchMode
		ADDED from src\main\AndroidManifest.xml:139:13-42
	android:windowSoftInputMode
		ADDED from src\main\AndroidManifest.xml:141:13-52
	android:configChanges
		ADDED from src\main\AndroidManifest.xml:138:13-63
	android:name
		ADDED from src\main\AndroidManifest.xml:137:13-70
activity#cn.jpush.android.ui.PopWinActivity
ADDED from src\main\AndroidManifest.xml:146:9-150:20
	android:exported
		ADDED from src\main\AndroidManifest.xml:148:13-37
	android:theme
		ADDED from src\main\AndroidManifest.xml:149:13-49
	android:name
		ADDED from src\main\AndroidManifest.xml:147:13-62
activity#cn.jpush.android.ui.PushActivity
ADDED from src\main\AndroidManifest.xml:153:9-164:20
	android:exported
		ADDED from src\main\AndroidManifest.xml:156:13-37
	android:configChanges
		ADDED from src\main\AndroidManifest.xml:155:13-63
	android:theme
		ADDED from src\main\AndroidManifest.xml:157:13-60
	android:name
		ADDED from src\main\AndroidManifest.xml:154:13-60
intent-filter#action:name:cn.jpush.android.ui.PushActivity+category:name:android.intent.category.DEFAULT+category:name:com.shiyou.tryapp2.boss.zsa
ADDED from src\main\AndroidManifest.xml:158:13-163:29
action#cn.jpush.android.ui.PushActivity
ADDED from src\main\AndroidManifest.xml:159:17-75
	android:name
		ADDED from src\main\AndroidManifest.xml:159:25-72
category#com.shiyou.tryapp2.boss.zsa
ADDED from src\main\AndroidManifest.xml:162:17-72
	android:name
		ADDED from src\main\AndroidManifest.xml:162:27-69
service#cn.jpush.android.service.DownloadService
ADDED from src\main\AndroidManifest.xml:166:9-170:19
	android:enabled
		ADDED from src\main\AndroidManifest.xml:168:13-35
	android:exported
		ADDED from src\main\AndroidManifest.xml:169:13-37
	android:name
		ADDED from src\main\AndroidManifest.xml:167:13-68
service#cn.jpush.android.service.PushService
ADDED from src\main\AndroidManifest.xml:174:9-183:19
	android:process
		ADDED from src\main\AndroidManifest.xml:176:13-36
	android:name
		ADDED from src\main\AndroidManifest.xml:175:13-64
intent-filter#action:name:cn.jpush.android.intent.PUSH_TIME+action:name:cn.jpush.android.intent.PushService+action:name:cn.jpush.android.intent.REGISTER+action:name:cn.jpush.android.intent.REPORT
ADDED from src\main\AndroidManifest.xml:177:13-182:29
action#cn.jpush.android.intent.REGISTER
ADDED from src\main\AndroidManifest.xml:178:17-75
	android:name
		ADDED from src\main\AndroidManifest.xml:178:25-72
action#cn.jpush.android.intent.REPORT
ADDED from src\main\AndroidManifest.xml:179:17-73
	android:name
		ADDED from src\main\AndroidManifest.xml:179:25-70
action#cn.jpush.android.intent.PushService
ADDED from src\main\AndroidManifest.xml:180:17-78
	android:name
		ADDED from src\main\AndroidManifest.xml:180:25-75
action#cn.jpush.android.intent.PUSH_TIME
ADDED from src\main\AndroidManifest.xml:181:17-76
	android:name
		ADDED from src\main\AndroidManifest.xml:181:25-73
service#cn.jpush.android.service.DaemonService
ADDED from src\main\AndroidManifest.xml:187:9-196:19
	android:enabled
		ADDED from src\main\AndroidManifest.xml:189:13-35
	android:exported
		ADDED from src\main\AndroidManifest.xml:190:13-36
	android:name
		ADDED from src\main\AndroidManifest.xml:188:13-66
intent-filter#action:name:cn.jpush.android.intent.DaemonService+category:name:com.shiyou.tryapp2.boss.zsa
ADDED from src\main\AndroidManifest.xml:191:13-195:29
action#cn.jpush.android.intent.DaemonService
ADDED from src\main\AndroidManifest.xml:192:17-80
	android:name
		ADDED from src\main\AndroidManifest.xml:192:25-77
receiver#cn.jpush.android.service.PushReceiver
ADDED from src\main\AndroidManifest.xml:199:9-220:20
	android:enabled
		ADDED from src\main\AndroidManifest.xml:201:13-35
	android:name
		ADDED from src\main\AndroidManifest.xml:200:13-65
intent-filter#action:name:cn.jpush.android.intent.NOTIFICATION_RECEIVED_PROXY+category:name:com.shiyou.tryapp2.boss.zsa
ADDED from src\main\AndroidManifest.xml:202:13-208:29
	android:priority
		ADDED from src\main\AndroidManifest.xml:202:28-51
action#cn.jpush.android.intent.NOTIFICATION_RECEIVED_PROXY
ADDED from src\main\AndroidManifest.xml:205:17-94
	android:name
		ADDED from src\main\AndroidManifest.xml:205:25-91
intent-filter#action:name:android.intent.action.USER_PRESENT+action:name:android.net.conn.CONNECTIVITY_CHANGE
ADDED from src\main\AndroidManifest.xml:209:13-212:29
action#android.intent.action.USER_PRESENT
ADDED from src\main\AndroidManifest.xml:210:17-77
	android:name
		ADDED from src\main\AndroidManifest.xml:210:25-74
action#android.net.conn.CONNECTIVITY_CHANGE
ADDED from src\main\AndroidManifest.xml:211:17-79
	android:name
		ADDED from src\main\AndroidManifest.xml:211:25-76
intent-filter#action:name:android.intent.action.PACKAGE_ADDED+action:name:android.intent.action.PACKAGE_REMOVED+data:scheme:package
ADDED from src\main\AndroidManifest.xml:214:13-219:29
action#android.intent.action.PACKAGE_ADDED
ADDED from src\main\AndroidManifest.xml:215:17-78
	android:name
		ADDED from src\main\AndroidManifest.xml:215:25-75
action#android.intent.action.PACKAGE_REMOVED
ADDED from src\main\AndroidManifest.xml:216:17-80
	android:name
		ADDED from src\main\AndroidManifest.xml:216:25-77
receiver#cn.jpush.android.service.AlarmReceiver
ADDED from src\main\AndroidManifest.xml:223:9-225:40
	android:exported
		ADDED from src\main\AndroidManifest.xml:225:13-37
	android:name
		ADDED from src\main\AndroidManifest.xml:224:13-66
receiver#com.example.jpushdemo.MyReceiver
ADDED from src\main\AndroidManifest.xml:228:9-247:20
	android:enabled
		ADDED from src\main\AndroidManifest.xml:230:13-35
	android:exported
		ADDED from src\main\AndroidManifest.xml:231:13-37
	android:name
		ADDED from src\main\AndroidManifest.xml:229:13-60
intent-filter#action:name:cn.jpush.android.intent.CONNECTION+action:name:cn.jpush.android.intent.MESSAGE_RECEIVED+action:name:cn.jpush.android.intent.NOTIFICATION_OPENED+action:name:cn.jpush.android.intent.NOTIFICATION_RECEIVED+action:name:cn.jpush.android.intent.REGISTRATION+category:name:com.shiyou.tryapp2.boss.zsa
ADDED from src\main\AndroidManifest.xml:232:13-246:29
action#cn.jpush.android.intent.REGISTRATION
ADDED from src\main\AndroidManifest.xml:235:17-79
	android:name
		ADDED from src\main\AndroidManifest.xml:235:25-76
action#cn.jpush.android.intent.MESSAGE_RECEIVED
ADDED from src\main\AndroidManifest.xml:237:17-83
	android:name
		ADDED from src\main\AndroidManifest.xml:237:25-80
action#cn.jpush.android.intent.NOTIFICATION_RECEIVED
ADDED from src\main\AndroidManifest.xml:239:17-88
	android:name
		ADDED from src\main\AndroidManifest.xml:239:25-85
action#cn.jpush.android.intent.NOTIFICATION_OPENED
ADDED from src\main\AndroidManifest.xml:241:17-86
	android:name
		ADDED from src\main\AndroidManifest.xml:241:25-83
action#cn.jpush.android.intent.CONNECTION
ADDED from src\main\AndroidManifest.xml:243:17-77
	android:name
		ADDED from src\main\AndroidManifest.xml:243:25-74
meta-data#JPUSH_CHANNEL
ADDED from src\main\AndroidManifest.xml:249:9-251:46
	android:value
		ADDED from src\main\AndroidManifest.xml:251:13-43
	android:name
		ADDED from src\main\AndroidManifest.xml:250:13-41
meta-data#JPUSH_APPKEY
ADDED from src\main\AndroidManifest.xml:253:9-255:56
	android:value
		ADDED from src\main\AndroidManifest.xml:255:13-53
	android:name
		ADDED from src\main\AndroidManifest.xml:254:13-40
uses-sdk
INJECTED from src\main\AndroidManifest.xml reason: use-sdk injection requested
INJECTED from src\main\AndroidManifest.xml
INJECTED from src\main\AndroidManifest.xml
MERGED from [:androidExtendLib2] AndroidManifest.xml:7:5-9:41
MERGED from [:androidExtendLib2] AndroidManifest.xml:7:5-9:41
MERGED from [:jPushSDK300] AndroidManifest.xml:7:5-9:41
MERGED from [:jPushSDK300] AndroidManifest.xml:7:5-9:41
INJECTED from src\main\AndroidManifest.xml
INJECTED from src\main\AndroidManifest.xml
	android:targetSdkVersion
		INJECTED from src\main\AndroidManifest.xml
		ADDED from src\main\AndroidManifest.xml
		INJECTED from src\main\AndroidManifest.xml
	android:minSdkVersion
		INJECTED from src\main\AndroidManifest.xml
		ADDED from src\main\AndroidManifest.xml
		INJECTED from src\main\AndroidManifest.xml